<?xml version="1.0" encoding="UTF-8"?>
<!-- Generated by org.testng.reporters.JUnitXMLReporter -->
<testsuite ignored="8" hostname="FVFHXEPAQ6LR" failures="1" tests="4" name="Test2" time="8.704" errors="0" timestamp="2023-05-11T15:05:48 IST">
  <testcase classname="Comm_test.TestNGPC1" name="D" time="0.007"/>
  <testcase classname="Comm_test.TestNGPC1" name="Google" time="0.0">
    <failure type="org.testng.TestNGException" message="
Parameter &amp;apos;Value1&amp;apos; is required by @Test on method Google but has not been marked @Optional or defined
in /Users/RA20463861/Documents/JavaWorkSpace/TestNGPractice/testng.xml">
      <![CDATA[org.testng.TestNGException: 
Parameter 'Value1' is required by @Test on method Google but has not been marked @Optional or defined
in /Users/RA20463861/Documents/JavaWorkSpace/TestNGPractice/testng.xml
at java.base/java.util.ArrayList.forEach(ArrayList.java:1511)
... Removed 26 stack frames]]>
    </failure>
  </testcase> <!-- Google -->
  <testcase classname="Comm_test.TestNGPC2" name="B" time="0.001"/>
  <testcase classname="Comm_test.TestNGPC2" name="A" time="0.003"/>
  <testcase classname="Comm_test.BaseClass" name="@BeforeSuite beforeSuite" time="0.0">
    <ignored/>
  </testcase> <!-- @BeforeSuite beforeSuite -->
  <testcase classname="Comm_test.BaseClass" name="@BeforeTest beforeTest" time="0.0">
    <ignored/>
  </testcase> <!-- @BeforeTest beforeTest -->
  <testcase classname="Comm_test.BaseClass" name="@AfterTest afterTest" time="0.0">
    <ignored/>
  </testcase> <!-- @AfterTest afterTest -->
  <testcase classname="Comm_test.BaseClass" name="@AfterSuite afterSuite" time="0.0">
    <ignored/>
  </testcase> <!-- @AfterSuite afterSuite -->
  <testcase classname="Comm_test.BaseClass" name="@BeforeSuite beforeSuite" time="0.0">
    <ignored/>
  </testcase> <!-- @BeforeSuite beforeSuite -->
  <testcase classname="Comm_test.BaseClass" name="@AfterTest afterTest" time="0.0">
    <ignored/>
  </testcase> <!-- @AfterTest afterTest -->
  <testcase classname="Comm_test.BaseClass" name="@BeforeTest beforeTest" time="0.0">
    <ignored/>
  </testcase> <!-- @BeforeTest beforeTest -->
  <testcase classname="Comm_test.BaseClass" name="@AfterSuite afterSuite" time="0.0">
    <ignored/>
  </testcase> <!-- @AfterSuite afterSuite -->
</testsuite> <!-- Test2 -->
